<?xml version="1.0" encoding="UTF-8"?>
<!-- Generated by org.testng.reporters.JUnitReportReporter -->
<testsuite hostname="PRFT-16610" failures="0" tests="1" name="xboxtestcases.XboxGamertagLeaderboardTestCase" time="9.700" errors="0" timestamp="28 Feb 2022 22:47:21 GMT">
  <testcase classname="xboxtestcases.XboxGamertagLeaderboardTestCase" name="testSearch" time="9.700"/>
</testsuite> <!-- xboxtestcases.XboxGamertagLeaderboardTestCase -->
